alerts-adventure-content-hsgb6                         1      461d
alerts-adventure-content-qdzf4                         1      461d
alerts-analytics-api-nx85q                             1      461d
alerts-analytics-api-qn5w9                             1      461d
alerts-analytics-router-55jpg                          1      461d
alerts-analytics-router-qfrxn                          1      461d
alerts-ap-adventure-projects-6867r                     1      461d
alerts-ap-adventure-projects-lhk9z                     1      461d
alerts-ap-hiking-project-7dwn5                         1      461d
alerts-ap-hiking-project-qsxzp                         1      461d
alerts-ap-mountain-project-2m4jz                       1      461d
alerts-ap-mountain-project-cwkx6                       1      461d
alerts-ap-mtb-project-fvn7q                            1      461d
alerts-ap-mtb-project-v5zxj                            1      461d
alerts-ap-powder-project-2l44t                         1      461d
alerts-ap-powder-project-lpnlb                         1      461d
alerts-ap-trailrun-project-9wdgl                       1      461d
alerts-ap-trailrun-project-zdkff                       1      461d
alerts-apollo-45c57                                    1      139d
alerts-apollo-7ddq8                                    1      461d
alerts-apollo-ftwr5                                    1      461d
alerts-apollo-mwqrq                                    1      126d
alerts-assetserver-9p98d                               1      461d
alerts-assetserver-q62q2                               1      461d
alerts-carto-api-jv2tt                                 1      461d
alerts-carto-api-vhhhj                                 1      461d
alerts-carto-api-wlx5h                                 1      279d
alerts-carto-console-7ghx7                             1      461d
alerts-carto-console-lszhd                             1      461d
alerts-checkly-agent-wkks4                             1      75d
alerts-collections-96xt9                               1      461d
alerts-collections-b2jp7                               1      461d
alerts-collections-vrkv7                               1      461d
alerts-conditions-m2jrf                                1      461d
alerts-conditions-v8lrv                                1      461d
alerts-conditions-x6bxb                                1      461d
alerts-conditions-zsbjh                                1      461d
alerts-contributor-admin-pkhrd                         1      61d
alerts-contributor-admin-qwq2j                         1      61d
alerts-contributor-api-f7bvc                           1      61d
alerts-contributor-api-qhp8l                           1      61d
alerts-contributor-eventbus-66s6n                      1      31d
alerts-contributor-eventbus-kgv9z                      1      31d
alerts-courier-8c74j                                   1      291d
alerts-courier-notif-pref-m72dl                        1      291d
alerts-courier-notif-pref-ztv8z                        1      291d
alerts-courier-t9hrv                                   1      291d
alerts-courier-webhook-f4f4x                           1      102d
alerts-courier-webhook-s52ws                           1      102d
alerts-customer-content-production-dlqrl               1      103d
alerts-customer-content-pxvlj                          1      461d
alerts-customer-content-q6pzm                          1      461d
alerts-customer-content-xj4z5                          1      461d
alerts-descheduler-t85gj                               1      461d
alerts-device-registry-frzgb                           1      461d
alerts-device-registry-vkzq7                           1      461d
alerts-elevation-api-kjlxt                             1      461d
alerts-elevation-api-zjn5r                             1      461d
alerts-favorites-4vbrj                                 1      461d
alerts-favorites-75swp                                 1      461d
alerts-favorites-qx7pd                                 1      461d
alerts-features-backcountry-kpctp                      1      461d
alerts-features-backcountry-p5pxm                      1      461d
alerts-features-fish-g7vzl                             1      263d
alerts-features-fish-pgnqb                             1      263d
alerts-features-hunt-xk4k6                             1      430d
alerts-features-hunt-xr9v2                             1      430d
alerts-features-offroad-hg8j4                          1      461d
alerts-features-offroad-lf4bg                          1      461d
alerts-fish-api-25f5d                                  1      217d
alerts-fish-api-wv26c                                  1      217d
alerts-fish-mutator-2v4s9                              1      158d
alerts-fish-mutator-mvqx9                              1      158d
alerts-hrt-user-data-4j87v                             1      111d
alerts-hrt-user-data-flvk8                             1      111d
alerts-hunt-bulk-purchase-api-4w6tl                    1      291d
alerts-hunt-bulk-purchase-api-vsqfg                    1      291d
alerts-hunt-bulk-purchase-event-cns26                  1      291d
alerts-hunt-bulk-purchase-event-x499w                  1      291d
alerts-hunt-planner-69d85                              1      304d
alerts-hunt-planner-sz9qf                              1      304d
alerts-hydra-blb6r                                     1      376d
alerts-hydra-fvrkj                                     1      376d
alerts-hydra-wdqj5                                     1      376d
alerts-identity-2dxs6                                  1      461d
alerts-identity-7n9xb                                  1      222d
alerts-identity-8vb4v                                  1      461d
alerts-identity-production-kgvxd                       1      104d
alerts-knowledge-graph-api-kmbxz                       1      461d
alerts-knowledge-graph-api-njwj6                       1      461d
alerts-knowledge-graph-console-7whvt                   1      461d
alerts-knowledge-graph-console-k8vr8                   1      461d
alerts-knowledge-graph-mutator-6cp6d                   1      461d
alerts-knowledge-graph-mutator-nnrrb                   1      266d
alerts-kratos-courier-69z54                            1      376d
alerts-kratos-courier-mvvz2                            1      376d
alerts-kratos-ddpxr                                    1      376d
alerts-kratos-mdslc                                    1      376d
alerts-kratos-sgpls                                    1      376d
alerts-kratosx-8krwh                                   1      376d
alerts-kratosx-m24qx                                   1      304d
alerts-kratosx-zdc9h                                   1      376d
alerts-kratosx-zhdfp                                   1      376d
alerts-landarea-bwsmj                                  1      151d
alerts-landarea-mcjvt                                  1      151d
alerts-map-feedback-jnrcs                              1      461d
alerts-map-feedback-wj8m8                              1      461d
alerts-my-garage-6s6tc                                 1      461d
alerts-my-garage-vswlx                                 1      461d
alerts-name-classifier-jzvq6                           1      461d
alerts-name-classifier-npnrr                           1      461d
alerts-oathkeeper-z59vd                                1      87d
alerts-offerings-42zrc                                 1      461d
alerts-offerings-7kkzs                                 1      461d
alerts-offerings-k4tm4                                 1      461d
alerts-offline-7hg7w                                   1      461d
alerts-offline-9dsqb                                   1      461d
alerts-offline-fmh2c                                   1      461d
alerts-offroute-api-2gptj                              1      461d
alerts-offroute-api-hkmnx                              1      461d
alerts-offroute-api-n89t4                              1      461d
alerts-offroute-api-prbrk                              1      461d
alerts-offroute-console-4nbmh                          1      461d
alerts-offroute-console-bc-5nf5g                       1      461d
alerts-offroute-console-bc-8gj9c                       1      461d
alerts-offroute-console-bc-rfldg                       1      461d
alerts-offroute-console-bmxs8                          1      461d
alerts-offroute-console-rd4cf                          1      461d
alerts-offroute-engine-bc-79mfr                        1      461d
alerts-offroute-engine-bc-n6pt8                        1      461d
alerts-offroute-engine-bc-rg8np                        1      461d
alerts-offroute-engine-bg5kt                           1      461d
alerts-offroute-engine-gxngm                           1      461d
alerts-offroute-engine-vdfz7                           1      461d
alerts-offroute-engine-vrhpq                           1      461d
alerts-onboarding-4sbpm                                1      461d
alerts-onboarding-zwgjg                                1      461d
alerts-openresty-admin-5fj9w                           1      461d
alerts-openresty-admin-hzvh4                           1      461d
alerts-openresty-admin-vc6rw                           1      461d
alerts-openresty-api-2db5j                             1      461d
alerts-openresty-api-2s48v                             1      461d
alerts-openresty-api-9cg4h                             1      461d
alerts-openresty-assetserver-4zfks                     1      461d
alerts-openresty-assetserver-nmkkz                     1      461d
alerts-openresty-assetserver-xsr96                     1      461d
alerts-openresty-consoles-n994j                        1      461d
alerts-openresty-consoles-q6xls                        1      461d
alerts-openresty-consoles-wft8z                        1      461d
alerts-openresty-identity-4w42z                        1      376d
alerts-openresty-identity-qpjzs                        1      376d
alerts-openresty-identity-szbps                        1      376d
alerts-openresty-search-88sq8                          1      461d
alerts-openresty-search-9sqcw                          1      461d
alerts-openresty-search-fmmnp                          1      461d
alerts-openresty-tpi-9m66s                             1      332d
alerts-openresty-tpi-fr56n                             1      332d
alerts-openresty-tpi-mxqt5                             1      332d
alerts-openresty-wapi-9qdfd                            1      461d
alerts-openresty-wapi-ck75n                            1      461d
alerts-openresty-wapi-r6n7k                            1      461d
alerts-opentelemetry-collector-agent-8pblk             1      349d
alerts-opentelemetry-collector-gswxm                   1      347d
alerts-profile-b99v4                                   1      461d
alerts-profile-kqqtz                                   1      461d
alerts-profile-ncmxq                                   1      461d
alerts-prom-scrape-helper-pz8sc                        1      167d
alerts-prometheus-alertmanager-ljq7r                   1      461d
alerts-prometheus-cas-bjt6d                            1      461d
alerts-prometheus-cas-k28wg                            1      461d
alerts-prometheus-kube-metrics-g8qgg                   1      461d
alerts-prometheus-kube-metrics-wnc2p                   1      461d
alerts-prometheus-n95h4                                1      461d
alerts-prometheus-thanos-fcxzv                         1      461d
alerts-prometheus-thanos-query-9n7l9                   1      461d
alerts-prometheus-thanos-query-v2bkm                   1      461d
alerts-prometheus-thanos-store-shard-10-days-xgsv6     1      461d
alerts-prometheus-thanos-store-shard-10-days-xwbps     1      461d
alerts-prometheus-thanos-store-shard-120-days-75zl9    1      461d
alerts-prometheus-thanos-store-shard-120-days-r6zk8    1      461d
alerts-prometheus-thanos-store-shard-180-days-5vg66    1      461d
alerts-prometheus-thanos-store-shard-180-days-mflhn    1      461d
alerts-prometheus-thanos-store-shard-20-days-7jl4g     1      461d
alerts-prometheus-thanos-store-shard-20-days-q4c86     1      461d
alerts-prometheus-thanos-store-shard-290-days-9ncsp    1      461d
alerts-prometheus-thanos-store-shard-290-days-glzc5    1      461d
alerts-prometheus-thanos-store-shard-30-days-c46v9     1      461d
alerts-prometheus-thanos-store-shard-30-days-gxkkk     1      461d
alerts-prometheus-thanos-store-shard-40-days-75qp5     1      461d
alerts-prometheus-thanos-store-shard-40-days-c2rjd     1      461d
alerts-prometheus-thanos-store-shard-400-days-7qrpt    1      461d
alerts-prometheus-thanos-store-shard-400-days-9mqcq    1      461d
alerts-prometheus-thanos-store-shard-50-days-b5hw5     1      461d
alerts-prometheus-thanos-store-shard-50-days-tv9pv     1      461d
alerts-prometheus-thanos-store-shard-650-days-pcqmf    1      461d
alerts-prometheus-thanos-store-shard-650-days-tkg7q    1      461d
alerts-prometheus-thanos-store-shard-70-days-5q6r7     1      461d
alerts-prometheus-thanos-store-shard-70-days-j2mff     1      461d
alerts-prometheus-thanos-store-shard-90-days-4ssnn     1      461d
alerts-prometheus-thanos-store-shard-90-days-h5fd7     1      461d
alerts-prometheus-thanos-store-shard-older-5sr4t       1      461d
alerts-prometheus-thanos-store-shard-older-f8mz2       1      461d
alerts-pubnub-auth-2jks8                               1      461d
alerts-pubnub-auth-sc827                               1      461d
alerts-push-notif-4j5xl                                1      461d
alerts-push-notif-nt4hj                                1      461d
alerts-referral-47xtx                                  1      461d
alerts-referral-v692w                                  1      461d
alerts-renewal-k4pvt                                   1      461d
alerts-richcontent-6rl65                               1      461d
alerts-richcontent-rpnf4                               1      461d
alerts-search-2gcg8                                    1      461d
alerts-search-4jgb2                                    1      461d
alerts-sharing-api-kzk4j                               1      461d
alerts-sharing-api-st2c5                               1      461d
alerts-spicedb-7248c                                   1      25d
alerts-spicedb-j74c7                                   1      25d
alerts-spicedb-tmzm6                                   1      25d
alerts-stripe-checkout-api-4vvkr                       1      410d
alerts-stripe-checkout-api-bb429                       1      411d
alerts-stripe-checkout-api-pztx7                       1      411d
alerts-stripe-checkout-event-rxgdz                     1      411d
alerts-stripe-checkout-event-xw5lv                     1      411d
alerts-stripe-checkout-webhook-bm2tq                   1      410d
alerts-stripe-checkout-webhook-gwbds                   1      411d
alerts-stripe-checkout-webhook-gzmcd                   1      411d
alerts-subpoena-extract-9x542                          1      461d
alerts-subpoena-extract-api-6cwkd                      1      461d
alerts-tileserver-api-bp7m9                            1      293d
alerts-tileserver-api-qblts                            1      461d
alerts-tileserver-api-sjqdl                            1      461d
alerts-tilestore-api-gkmg2                             1      461d
alerts-tilestore-api-v9rd5                             1      461d
alerts-tilestore-api-zxzgx                             1      461d
alerts-tilestore-console-tx42c                         1      461d
alerts-tilestore-manager-7j8jj                         1      461d
alerts-tilestore-manager-x6bk5                         1      402d
alerts-tilestore-sync-cmd7p                            1      461d
alerts-tilestore-sync-qg8lg                            1      461d
alerts-tilestore-sync-sgtbs                            1      461d
alerts-trailcams-8kcsw                                 1      461d
alerts-trailcams-96ws9                                 1      461d
alerts-trailcams-courier-2nskq                         1      55d
alerts-trailcams-courier-fk5h4                         1      55d
alerts-trailcams-imagerec-prqrl                        1      60d
alerts-user-actions-fsx4w                              1      11d
alerts-user-actions-ingest-j89lt                       1      11d
alerts-user-actions-ingest-qtfmv                       1      11d
alerts-user-actions-nxfrd                              1      11d
alerts-user-actions-stream-h6wg5                       1      11d
alerts-user-actions-stream-vmgxd                       1      11d
alerts-user-statistics-jh99w                           1      461d
alerts-user-statistics-sfn64                           1      461d
alerts-wapi-v3-api-2tttm                               1      461d
alerts-wapi-v3-api-dvdm7                               1      461d
alerts-wapi-v3-worker-bqhrv                            1      461d
alerts-weather-api-5dpvx                               1      13d
alerts-weather-api-vcwxg                               1      13d
alerts-weather-api-w9x65                               1      13d
alerts-web-purchasing-d9x7l                            1      52d
alerts-web-purchasing-r6ztc                            1      52d
alerts-wp-main-9r62d                                   1      461d
alerts-wp-main-hwqnj                                   1      461d
alerts-wp-main-v8t4n                                   1      461d
alerts-xgps-9fgkh                                      1      461d
alerts-xgps-lg7c5                                      1      461d
alerts-xgps-m8mnz                                      1      461d
alerts-xgps-tpsfs                                      1      461d
