alerts-adventure-content-88hgm                         1      467d
alerts-adventure-content-jt2t5                         1      467d
alerts-analytics-api-69fdj                             1      467d
alerts-analytics-api-7p2b9                             1      467d
alerts-analytics-router-42js2                          1      467d
alerts-analytics-router-kchjw                          1      467d
alerts-apollo-9lzqt                                    1      126d
alerts-apollo-drkqq                                    1      139d
alerts-apollo-jbmlh                                    1      467d
alerts-apollo-x5rcn                                    1      467d
alerts-assetserver-8nrgt                               1      467d
alerts-assetserver-sxlrj                               1      467d
alerts-carto-api-phlnn                                 1      467d
alerts-carto-api-tvxvv                                 1      467d
alerts-carto-api-zw4tv                                 1      279d
alerts-checkly-agent-9rgxq                             1      75d
alerts-collections-4trrl                               1      467d
alerts-collections-4wg82                               1      467d
alerts-collections-x8f95                               1      467d
alerts-conditions-lvkvx                                1      467d
alerts-conditions-lw8d7                                1      467d
alerts-conditions-nz9sh                                1      467d
alerts-conditions-p496d                                1      467d
alerts-contributor-admin-dnszn                         1      61d
alerts-contributor-admin-fjvsp                         1      61d
alerts-contributor-api-lnlbr                           1      61d
alerts-contributor-api-vpxzc                           1      61d
alerts-contributor-eventbus-9xttj                      1      31d
alerts-contributor-eventbus-nww9c                      1      31d
alerts-courier-fx4df                                   1      291d
alerts-courier-notif-pref-2c6h4                        1      291d
alerts-courier-notif-pref-cc9tr                        1      291d
alerts-courier-webhook-xdnlf                           1      102d
alerts-courier-webhook-zzzt6                           1      102d
alerts-courier-zjgcx                                   1      291d
alerts-customer-content-lvxb7                          1      467d
alerts-customer-content-mmq6d                          1      467d
alerts-customer-content-zmjc2                          1      467d
alerts-descheduler-qjqg8                               1      467d
alerts-device-registry-7xcwx                           1      467d
alerts-device-registry-j4nj8                           1      467d
alerts-elevation-api-4j5bx                             1      467d
alerts-elevation-api-5znhl                             1      467d
alerts-favorites-hndcn                                 1      467d
alerts-favorites-km888                                 1      467d
alerts-favorites-vmg2d                                 1      467d
alerts-features-backcountry-qqc49                      1      467d
alerts-features-backcountry-smm8w                      1      467d
alerts-features-fish-dzz4t                             1      263d
alerts-features-fish-jzrhk                             1      263d
alerts-features-hunt-lxkt4                             1      430d
alerts-features-hunt-wzcmt                             1      430d
alerts-features-offroad-4q5hr                          1      467d
alerts-features-offroad-m4xdl                          1      467d
alerts-fish-api-4lhdb                                  1      217d
alerts-fish-api-q5s5r                                  1      217d
alerts-hrt-user-data-9hw4k                             1      111d
alerts-hrt-user-data-zbzlx                             1      111d
alerts-hunt-bulk-purchase-api-fjjjd                    1      291d
alerts-hunt-bulk-purchase-api-rnh5z                    1      291d
alerts-hunt-bulk-purchase-event-6bcbc                  1      291d
alerts-hunt-bulk-purchase-event-fmzdk                  1      291d
alerts-hunt-planner-gz9cv                              1      304d
alerts-hunt-planner-pfrjl                              1      304d
alerts-hydra-2jnzq                                     1      376d
alerts-hydra-qjr2l                                     1      376d
alerts-hydra-xssg6                                     1      376d
alerts-identity-6vkc7                                  1      467d
alerts-identity-8qpjr                                  1      222d
alerts-identity-s2vpb                                  1      467d
alerts-knowledge-graph-api-lmxkn                       1      467d
alerts-knowledge-graph-api-th2f5                       1      467d
alerts-kratos-5s9j5                                    1      376d
alerts-kratos-6s8x2                                    1      376d
alerts-kratos-k8npn                                    1      376d
alerts-kratosx-8ft8g                                   1      304d
alerts-kratosx-c2klk                                   1      376d
alerts-kratosx-g6dwv                                   1      376d
alerts-kratosx-pkm7p                                   1      376d
alerts-landarea-mthms                                  1      151d
alerts-landarea-rqmzv                                  1      151d
alerts-map-feedback-bqmgr                              1      467d
alerts-map-feedback-g8fsz                              1      467d
alerts-my-garage-4ngms                                 1      467d
alerts-my-garage-9f5t4                                 1      467d
alerts-name-classifier-9j8bc                           1      467d
alerts-name-classifier-nlsl8                           1      467d
alerts-oathkeeper-9rmmf                                1      87d
alerts-oathkeeper-hydrator-9bkzp                       1      87d
alerts-oathkeeper-hydrator-d95j5                       1      87d
alerts-oathkeeper-hydrator-rt9s5                       1      87d
alerts-oathkeeper-rt8xc                                1      87d
alerts-oathkeeper-ww448                                1      87d
alerts-oathkeeper-xn2b2                                1      87d
alerts-offerings-g65qd                                 1      467d
alerts-offerings-tffsb                                 1      467d
alerts-offerings-z2p4b                                 1      467d
alerts-offline-44nkj                                   1      467d
alerts-offline-7qq5d                                   1      467d
alerts-offline-vljmd                                   1      467d
alerts-offroute-api-56pkg                              1      467d
alerts-offroute-api-dmx4m                              1      467d
alerts-offroute-api-fz8cx                              1      467d
alerts-offroute-api-trfqh                              1      467d
alerts-offroute-engine-72826                           1      467d
alerts-offroute-engine-bc-cvw6w                        1      467d
alerts-offroute-engine-bc-j6mmx                        1      467d
alerts-offroute-engine-bc-k59t5                        1      467d
alerts-offroute-engine-ftqjs                           1      467d
alerts-offroute-engine-gkt8h                           1      467d
alerts-offroute-engine-zhtj8                           1      467d
alerts-onboarding-pk5ld                                1      467d
alerts-onboarding-tvp66                                1      467d
alerts-openresty-admin-4wlfn                           1      462d
alerts-openresty-admin-9sprq                           1      462d
alerts-openresty-admin-l78pd                           1      462d
alerts-openresty-api-75mst                             1      467d
alerts-openresty-api-8hnxf                             1      467d
alerts-openresty-api-9md2j                             1      467d
alerts-openresty-assetserver-mwk9p                     1      467d
alerts-openresty-assetserver-npzfs                     1      467d
alerts-openresty-assetserver-zswlx                     1      467d
alerts-openresty-identity-2bpf6                        1      376d
alerts-openresty-identity-ck2f5                        1      376d
alerts-openresty-identity-dbmk2                        1      376d
alerts-openresty-search-55xmk                          1      467d
alerts-openresty-search-cdc2l                          1      467d
alerts-openresty-search-d7clx                          1      467d
alerts-openresty-tpi-9bz28                             1      332d
alerts-openresty-tpi-f8pbm                             1      332d
alerts-openresty-tpi-lnlfs                             1      332d
alerts-openresty-wapi-866b9                            1      467d
alerts-openresty-wapi-nf56b                            1      467d
alerts-openresty-wapi-pgmj5                            1      467d
alerts-opentelemetry-collector-agent-qsfrt             1      349d
alerts-opentelemetry-collector-b7r7k                   1      347d
alerts-profile-9v8qg                                   1      467d
alerts-profile-xm7jf                                   1      467d
alerts-profile-zq7pg                                   1      467d
alerts-prometheus-alertmanager-2r5ds                   1      467d
alerts-prometheus-cas-frgsk                            1      467d
alerts-prometheus-cas-v7q8b                            1      467d
alerts-prometheus-d6dlz                                1      467d
alerts-prometheus-kube-metrics-j9qh6                   1      467d
alerts-prometheus-kube-metrics-nfhml                   1      467d
alerts-prometheus-thanos-c4wr2                         1      467d
alerts-prometheus-thanos-query-lpk55                   1      467d
alerts-prometheus-thanos-query-lsg89                   1      467d
alerts-prometheus-thanos-store-shard-10-days-96nrx     1      467d
alerts-prometheus-thanos-store-shard-10-days-bfn82     1      467d
alerts-prometheus-thanos-store-shard-120-days-pcd9q    1      467d
alerts-prometheus-thanos-store-shard-120-days-wn7rs    1      467d
alerts-prometheus-thanos-store-shard-180-days-fcffm    1      467d
alerts-prometheus-thanos-store-shard-180-days-wdk8r    1      467d
alerts-prometheus-thanos-store-shard-20-days-22tqp     1      467d
alerts-prometheus-thanos-store-shard-20-days-kzqjt     1      467d
alerts-prometheus-thanos-store-shard-290-days-fzdpr    1      467d
alerts-prometheus-thanos-store-shard-290-days-zsz9j    1      467d
alerts-prometheus-thanos-store-shard-30-days-sb2fl     1      467d
alerts-prometheus-thanos-store-shard-30-days-xqnxs     1      467d
alerts-prometheus-thanos-store-shard-40-days-c9jvs     1      467d
alerts-prometheus-thanos-store-shard-40-days-wz8dx     1      467d
alerts-prometheus-thanos-store-shard-400-days-5d25r    1      467d
alerts-prometheus-thanos-store-shard-400-days-fmvvj    1      467d
alerts-prometheus-thanos-store-shard-50-days-4mrh8     1      467d
alerts-prometheus-thanos-store-shard-50-days-gjwgx     1      467d
alerts-prometheus-thanos-store-shard-650-days-884tt    1      467d
alerts-prometheus-thanos-store-shard-650-days-tp2wg    1      467d
alerts-prometheus-thanos-store-shard-70-days-dmnvz     1      467d
alerts-prometheus-thanos-store-shard-70-days-xkl55     1      467d
alerts-prometheus-thanos-store-shard-90-days-47bfs     1      467d
alerts-prometheus-thanos-store-shard-90-days-kvf87     1      467d
alerts-prometheus-thanos-store-shard-older-gjn5x       1      467d
alerts-prometheus-thanos-store-shard-older-kqg8w       1      467d
alerts-pubnub-auth-76lwh                               1      467d
alerts-pubnub-auth-dvwsc                               1      467d
alerts-push-notif-fdnq7                                1      467d
alerts-push-notif-lgwll                                1      467d
alerts-referral-4z887                                  1      467d
alerts-referral-fjrvp                                  1      467d
alerts-richcontent-vvbsc                               1      467d
alerts-richcontent-zswqw                               1      467d
alerts-search-bgmxv                                    1      467d
alerts-search-bhhn7                                    1      467d
alerts-sharing-api-cg5ng                               1      467d
alerts-sharing-api-cmqs9                               1      467d
alerts-spicedb-5629s                                   1      25d
alerts-spicedb-d9c5s                                   1      25d
alerts-spicedb-ndrhg                                   1      25d
alerts-stripe-checkout-api-49fq7                       1      410d
alerts-stripe-checkout-api-k68cg                       1      411d
alerts-stripe-checkout-api-pdwxl                       1      411d
alerts-stripe-checkout-event-5rqf2                     1      411d
alerts-stripe-checkout-event-kgdzf                     1      411d
alerts-stripe-checkout-webhook-hgv82                   1      411d
alerts-stripe-checkout-webhook-l68f6                   1      410d
alerts-stripe-checkout-webhook-lbzd6                   1      411d
alerts-tileserver-api-22zkr                            1      467d
alerts-tileserver-api-8kn7x                            1      467d
alerts-tileserver-api-llmkk                            1      293d
alerts-tilestore-api-jtj7h                             1      467d
alerts-tilestore-api-kprqm                             1      467d
alerts-tilestore-api-vmmfs                             1      467d
alerts-tilestore-sync-2zztw                            1      467d
alerts-tilestore-sync-564nm                            1      467d
alerts-tilestore-sync-hbbq7                            1      467d
alerts-trailcams-courier-4sn8x                         1      55d
alerts-trailcams-courier-p68nw                         1      55d
alerts-trailcams-imagerec-dtj5f                        1      60d
alerts-user-actions-ingest-hpwtb                       1      11d
alerts-user-actions-ingest-r7vj6                       1      11d
alerts-user-actions-pxp27                              1      11d
alerts-user-actions-q42h5                              1      11d
alerts-user-actions-stream-9fj2d                       1      11d
alerts-user-actions-stream-zvcs8                       1      11d
alerts-user-statistics-mwbhm                           1      467d
alerts-user-statistics-tqwrr                           1      467d
alerts-wapi-v3-api-gfz2g                               1      467d
alerts-wapi-v3-api-kqs5b                               1      467d
alerts-weather-api-g6v9v                               1      13d
alerts-weather-api-gplvg                               1      13d
alerts-weather-api-n75cq                               1      13d
alerts-web-purchasing-tv6jn                            1      52d
alerts-web-purchasing-tvf55                            1      52d
alerts-xgps-2zvc6                                      1      467d
alerts-xgps-9q92n                                      1      467d
alerts-xgps-dswqc                                      1      467d
alerts-xgps-w88qf                                      1      467d
